{
  "RSpec": {
    "coverage": {
      "/Users/martinezei/Whizzarz/api_playground/lib/api_playground.rb": {
        "lines": [
          1,
          1,
          1,
          1,
          1,
          1,
          null,
          1,
          1,
          null,
          1,
          1,
          28,
          null,
          null,
          1,
          11,
          null,
          null,
          null
        ]
      },
      "/Users/martinezei/Whizzarz/api_playground/lib/api_playground/routing_mapper.rb": {
        "lines": [
          1,
          1,
          null,
          null,
          null,
          null,
          null,
          null,
          null,
          null,
          null,
          null,
          null,
          null,
          null,
          null,
          null,
          null,
          null,
          1,
          0,
          0,
          null,
          0,
          0,
          0,
          0,
          0,
          0,
          0,
          null,
          null,
          null,
          null,
          null
        ]
      },
      "/Users/martinezei/Whizzarz/api_playground/lib/api_playground/concern.rb": {
        "lines": [
          null,
          null,
          null,
          null,
          null,
          null,
          null,
          null,
          null,
          null,
          null,
          null,
          null,
          null,
          null,
          null,
          null,
          null,
          null,
          null,
          null,
          null,
          null,
          null,
          null,
          null,
          null,
          null,
          null,
          null,
          null,
          null,
          null,
          null,
          null,
          null,
          null,
          null,
          null,
          null,
          null,
          null,
          null,
          null,
          null,
          null,
          null,
          null,
          null,
          null,
          null,
          null,
          null,
          null,
          null,
          null,
          null,
          null,
          null,
          null,
          null,
          null,
          null,
          null,
          null,
          null,
          null,
          null,
          null,
          null,
          null,
          null,
          null,
          null,
          null,
          null,
          null,
          null,
          null,
          null,
          null,
          null,
          null,
          null,
          null,
          null,
          null,
          1,
          1,
          null,
          1,
          15,
          null,
          null,
          null,
          15,
          13,
          13,
          null,
          null,
          null,
          1,
          null,
          null,
          null,
          null,
          null,
          null,
          null,
          null,
          null,
          null,
          null,
          null,
          null,
          null,
          null,
          null,
          null,
          null,
          null,
          null,
          null,
          null,
          null,
          null,
          null,
          null,
          null,
          null,
          null,
          null,
          null,
          null,
          null,
          null,
          null,
          null,
          null,
          null,
          null,
          null,
          null,
          null,
          null,
          null,
          1,
          15,
          15,
          15,
          15,
          null,
          15,
          null,
          null,
          null,
          null,
          null,
          null,
          null,
          null,
          null,
          null,
          1,
          null,
          null,
          null,
          null,
          null,
          null,
          null,
          1,
          15,
          null,
          null,
          15,
          null,
          null,
          null,
          null,
          null,
          null,
          null,
          null,
          null,
          null,
          null,
          1,
          15,
          null,
          15,
          32,
          null,
          8,
          8,
          null,
          null,
          24,
          null,
          null,
          null,
          null,
          null,
          null,
          null,
          null,
          null,
          null,
          1,
          15,
          null,
          2,
          6,
          null,
          4,
          null,
          2,
          null,
          null,
          null,
          null,
          null,
          null,
          null,
          null,
          null,
          null,
          1,
          15,
          null,
          7,
          null,
          8,
          null,
          null,
          null,
          null,
          null,
          null,
          null,
          null,
          null,
          null,
          null,
          null,
          null,
          null,
          null,
          null,
          1,
          19,
          19,
          null,
          19,
          null,
          17,
          null,
          17,
          1,
          null,
          16,
          null,
          null,
          0,
          null,
          0,
          null,
          null,
          null,
          null,
          null,
          null,
          null,
          null,
          null,
          null,
          null,
          null,
          null,
          null,
          null,
          null,
          null,
          null,
          null,
          null,
          null,
          null,
          null,
          null,
          null,
          null,
          null,
          null,
          null,
          null,
          null,
          null,
          null,
          null,
          null,
          null,
          null,
          null,
          null,
          null,
          1,
          11,
          11,
          null,
          11,
          10,
          null,
          9,
          9,
          null,
          9,
          null,
          null,
          null,
          7,
          null,
          7,
          3,
          null,
          null,
          null,
          4,
          null,
          null,
          null,
          null,
          0,
          null,
          2,
          null,
          null,
          null,
          null,
          null,
          null,
          null,
          null,
          null,
          null,
          null,
          null,
          null,
          null,
          null,
          null,
          null,
          null,
          null,
          null,
          null,
          null,
          null,
          null,
          null,
          null,
          null,
          null,
          null,
          null,
          null,
          null,
          null,
          null,
          null,
          null,
          null,
          null,
          null,
          null,
          1,
          18,
          18,
          null,
          18,
          17,
          null,
          16,
          16,
          null,
          16,
          null,
          15,
          null,
          null,
          null,
          13,
          8,
          null,
          null,
          null,
          4,
          null,
          null,
          null,
          null,
          0,
          null,
          1,
          null,
          2,
          null,
          null,
          null,
          null,
          null,
          null,
          null,
          null,
          null,
          1,
          0,
          0,
          null,
          0,
          0,
          null,
          0,
          0,
          null,
          0,
          0,
          null,
          0,
          null,
          null,
          null,
          null,
          null,
          null,
          null,
          null,
          null,
          0,
          null,
          0,
          null,
          null,
          1,
          null,
          null,
          null,
          null,
          null,
          null,
          null,
          1,
          1,
          0,
          null,
          1,
          null,
          null,
          1,
          null,
          null,
          null,
          null,
          null,
          null,
          null,
          null,
          null,
          null,
          null,
          null,
          null,
          null,
          1,
          16,
          16,
          null,
          null,
          16,
          0,
          null,
          null,
          null,
          16,
          14,
          null,
          null,
          null,
          15,
          13,
          null,
          2,
          null,
          null,
          15,
          null,
          15,
          59,
          null,
          null,
          null,
          null,
          null,
          null,
          null,
          null,
          null,
          null,
          null,
          null,
          1,
          0,
          0,
          0,
          null,
          0,
          null,
          0,
          null,
          0,
          null,
          null,
          0,
          null,
          null,
          null,
          null,
          null,
          null,
          null,
          null,
          null,
          null,
          1,
          13,
          13,
          null,
          null,
          13,
          13,
          null,
          0,
          null,
          null,
          null,
          13,
          null,
          13,
          null,
          null,
          null,
          null,
          null,
          null,
          null,
          null,
          null,
          1,
          null,
          15,
          null,
          null,
          null,
          null,
          null,
          15,
          null,
          15,
          13,
          13,
          null,
          null,
          13,
          13,
          null,
          0,
          null,
          null,
          null,
          13,
          null,
          null,
          null,
          null,
          13,
          13,
          null,
          null,
          13,
          null,
          null,
          15,
          null,
          null,
          null,
          null,
          null,
          null,
          null,
          null,
          null,
          1,
          null,
          71,
          null,
          null,
          null,
          null,
          71,
          0,
          0,
          null,
          0,
          null,
          0,
          0,
          null,
          0,
          null,
          null,
          null,
          0,
          null,
          null,
          null,
          null,
          71,
          null,
          null,
          null,
          null,
          null,
          null,
          null,
          null,
          null,
          1,
          71,
          71,
          null,
          71,
          82,
          null,
          82,
          71,
          null,
          137,
          null,
          0,
          null,
          null,
          null,
          11,
          11,
          null,
          11,
          null,
          17,
          17,
          null,
          0,
          null,
          null,
          null,
          11,
          null,
          null,
          null,
          71,
          0,
          null,
          null,
          71,
          null,
          null,
          null,
          null,
          null,
          null,
          null,
          null,
          1,
          158,
          null,
          14,
          null,
          144,
          null,
          null,
          null,
          1,
          9,
          null,
          11,
          null,
          null,
          null,
          null,
          null,
          null,
          null,
          null,
          null,
          null,
          1,
          4,
          null,
          null,
          null,
          null,
          null,
          null,
          null,
          null,
          null,
          null,
          null,
          null,
          1,
          1,
          null,
          null,
          null,
          null,
          null,
          null,
          null,
          null,
          1,
          2,
          null,
          null,
          null,
          null,
          null,
          null,
          null,
          null,
          1,
          4,
          null,
          null,
          null,
          null,
          null,
          null,
          null,
          null,
          null,
          null
        ]
      },
      "/Users/martinezei/Whizzarz/api_playground/lib/api_playground/configuration.rb": {
        "lines": [
          1,
          1,
          1,
          null,
          null,
          null,
          null,
          null,
          1,
          1,
          1,
          1,
          1,
          1,
          null,
          null,
          null
        ]
      },
      "/Users/martinezei/Whizzarz/api_playground/lib/api_playground/api_protection.rb": {
        "lines": [
          null,
          null,
          1,
          null,
          null,
          1,
          1,
          null,
          1,
          null,
          1,
          5,
          3,
          null,
          null,
          null,
          1,
          5,
          null,
          4,
          4,
          null,
          null,
          4,
          4,
          2,
          null,
          2,
          null,
          null,
          null,
          1,
          9,
          null,
          null,
          null
        ]
      },
      "/Users/martinezei/Whizzarz/api_playground/lib/api_playground/engine.rb": {
        "lines": [
          1,
          1,
          1,
          null,
          1,
          1,
          2,
          null,
          null,
          null,
          1,
          1,
          2,
          null,
          null,
          null,
          1,
          1,
          1,
          1,
          127,
          null,
          null,
          null,
          null,
          null,
          null
        ]
      },
      "/Users/martinezei/Whizzarz/api_playground/app/controllers/concerns/api_playground/api_key_protection.rb": {
        "lines": [
          null,
          null,
          1,
          null,
          null,
          null,
          null,
          null,
          null,
          null,
          null,
          1,
          1,
          1,
          null,
          1,
          2,
          2,
          null,
          null,
          1,
          null,
          1,
          7,
          null,
          null,
          null,
          1,
          14,
          null,
          null,
          null,
          1,
          null,
          1,
          5,
          5,
          null,
          null,
          1,
          null,
          1,
          0,
          null,
          null,
          null
        ]
      },
      "/Users/martinezei/Whizzarz/api_playground/app/models/api_playground/api_key.rb": {
        "lines": [
          1,
          1,
          1,
          1,
          28,
          null,
          6,
          null,
          1,
          1,
          null,
          1,
          3,
          null,
          null,
          1,
          2,
          null,
          null,
          1,
          1,
          null,
          null,
          1,
          null,
          1,
          20,
          null,
          20,
          20,
          null,
          20,
          30,
          30,
          null,
          null,
          30,
          11,
          1,
          1,
          null,
          10,
          null,
          null,
          19,
          null,
          null,
          null,
          1,
          23,
          1,
          null,
          null,
          null
        ]
      }
    },
    "timestamp": 1748387358
  }
}
